#
# A fatal error has been detected by the Java Runtime Environment:
#
#  EXCEPTION_ACCESS_VIOLATION (0xc0000005) at pc=0x00007fff2b189f04, pid=3672, tid=9420
#
# JRE version: OpenJDK Runtime Environment Temurin-21.0.8+9 (21.0.8+9) (build 21.0.8+9-LTS)
# Java VM: OpenJDK 64-Bit Server VM Temurin-21.0.8+9 (21.0.8+9-LTS, mixed mode, sharing, tiered, compressed oops, compressed class ptrs, parallel gc, windows-amd64)
# Problematic frame:
# V  [jvm.dll+0x819f04]
#
# No core dump will be written. Minidumps are not enabled by default on client versions of Windows
#
# If you would like to submit a bug report, please visit:
#   https://github.com/adoptium/adoptium-support/issues
#

---------------  S U M M A R Y ------------

Command Line: --add-modules=ALL-SYSTEM --add-opens=java.base/java.util=ALL-UNNAMED --add-opens=java.base/java.lang=ALL-UNNAMED --add-opens=java.base/sun.nio.fs=ALL-UNNAMED -Declipse.application=org.eclipse.jdt.ls.core.id1 -Dosgi.bundles.defaultStartLevel=4 -Declipse.product=org.eclipse.jdt.ls.core.product -Djava.import.generatesMetadataFilesAtProjectRoot=false -DDetectVMInstallationsJob.disabled=true -Dfile.encoding=utf8 -XX:+UseParallelGC -XX:GCTimeRatio=4 -XX:AdaptiveSizePolicyWeight=90 -Dsun.zip.disableMemoryMapping=true -Xmx2G -Xms100m -Xlog:disable -javaagent:c:\Users\dell\.vscode\extensions\redhat.java-1.45.0-win32-x64\lombok\lombok-1.18.39-4050.jar -XX:+HeapDumpOnOutOfMemoryError -XX:HeapDumpPath=c:\Users\dell\AppData\Roaming\Code\User\workspaceStorage\62d2b90264eaf79a1763fc22b68e567a\redhat.java -Daether.dependencyCollector.impl=bf c:\Users\dell\.vscode\extensions\redhat.java-1.45.0-win32-x64\server\plugins\org.eclipse.equinox.launcher_1.7.0.v20250519-0528.jar -configuration c:\Users\dell\AppData\Roaming\Code\User\globalStorage\redhat.java\1.45.0\config_win -data c:\Users\dell\AppData\Roaming\Code\User\workspaceStorage\62d2b90264eaf79a1763fc22b68e567a\redhat.java\jdt_ws --pipe=\\.\pipe\lsp-e3d3ce6fcdc2e9eef753e977f46e993c-sock

Host: Intel(R) Core(TM) i5-5200U CPU @ 2.20GHz, 4 cores, 3G,  Windows 10 , 64 bit Build 19041 (10.0.19041.5678)
Time: Sat Sep 27 10:52:32 2025 India Standard Time elapsed time: 5698.039627 seconds (0d 1h 34m 58s)

---------------  T H R E A D  ---------------

Current thread (0x000002017ecdf4f0):  JavaThread "Service Thread" daemon [_thread_in_vm, id=9420, stack(0x0000005c25a00000,0x0000005c25b00000) (1024K)]

Stack: [0x0000005c25a00000,0x0000005c25b00000],  sp=0x0000005c25aff070,  free space=1020k
Native frames: (J=compiled Java code, j=interpreted, Vv=VM code, C=native code)
V  [jvm.dll+0x819f04]
V  [jvm.dll+0x81b37c]
V  [jvm.dll+0x81bd53]
V  [jvm.dll+0x737219]
V  [jvm.dll+0x3f2d16]
V  [jvm.dll+0x857e6b]
V  [jvm.dll+0x6d0b0d]
C  [ucrtbase.dll+0x21bb2]
C  [KERNEL32.DLL+0x17374]
C  [ntdll.dll+0x4cc91]


siginfo: EXCEPTION_ACCESS_VIOLATION (0xc0000005), reading address 0xffffffffffffffff


Registers:
RAX=0x0000000000000020, RBX=0x0000000000000000, RCX=0x0020002000200020, RDX=0x000002017ecdf4f0
RSP=0x0000005c25aff070, RBP=0x0000005c25affa08, RSI=0x0000005c25affa10, RDI=0x00000201773255e0
R8 =0x0000000000007fec, R9 =0x0000000000007ff8, R10=0x0000000000008000, R11=0x0000005c25afefd0
R12=0x000002017ecdf4f0, R13=0x0000000000000000, R14=0x00007fff2b6235d8, R15=0x000002017736c968
RIP=0x00007fff2b189f04, EFLAGS=0x0000000000010206

XMM[0]=0x0000000000000000 0x0000000000000000
XMM[1]=0x0000000000000000 0x0000000000000000
XMM[2]=0x0000000000000000 0x0000000000000000
XMM[3]=0x0000000000000000 0x0000000000000000
XMM[4]=0x0000000000000000 0x0000000000000000
XMM[5]=0x0000000000000000 0x0000000000000000
XMM[6]=0x0000000000000000 0x4018023800000000
XMM[7]=0x0000000000000000 0x0000000000000000
XMM[8]=0x0000000000000000 0x0000000000000000
XMM[9]=0x0000000000000000 0x0000000000000000
XMM[10]=0x0000000000000000 0x0000000000000000
XMM[11]=0x0000000000000000 0x0000000000000000
XMM[12]=0x0000000000000000 0x0000000000000000
XMM[13]=0x0000000000000000 0x0000000000000000
XMM[14]=0x0000000000000000 0x0000000000000000
XMM[15]=0x0000000000000000 0x0000000000000000
  MXCSR=0x00001fa0


Register to memory mapping:

RAX=0x0000000000000020 is an unknown value
RBX=0x0 is null
RCX=0x0020002000200020 is an unknown value
RDX=0x000002017ecdf4f0 is a thread
RSP=0x0000005c25aff070 is pointing into the stack for thread: 0x000002017ecdf4f0
RBP=0x0000005c25affa08 is pointing into the stack for thread: 0x000002017ecdf4f0
RSI=0x0000005c25affa10 is pointing into the stack for thread: 0x000002017ecdf4f0
RDI=0x00000201773255e0 points into unknown readable memory: 0x000002017732c9d0 | d0 c9 32 77 01 02 00 00
R8 =0x0000000000007fec is an unknown value
R9 =0x0000000000007ff8 is an unknown value
R10=0x0000000000008000 is an unknown value
R11=0x0000005c25afefd0 is pointing into the stack for thread: 0x000002017ecdf4f0
R12=0x000002017ecdf4f0 is a thread
R13=0x0 is null
R14=0x00007fff2b6235d8 jvm.dll
R15=0x000002017736c968 points into unknown readable memory: 0x00000201545e69c0 | c0 69 5e 54 01 02 00 00

Top of Stack: (sp=0x0000005c25aff070)
0x0000005c25aff070:   0000000000000001 0000005c00000000
0x0000005c25aff080:   0000000000000144 0000000000000144
0x0000005c25aff090:   0000000000000000 0000000000000000
0x0000005c25aff0a0:   0000005c25affa10 0000000000000001
0x0000005c25aff0b0:   0000005c25affa08 00000201773255e0
0x0000005c25aff0c0:   000002017511b680 000002017ecdf4f0
0x0000005c25aff0d0:   0000000000007ff3 0000000000007ff8
0x0000005c25aff0e0:   0000000000000144 00007fff71beead2
0x0000005c25aff0f0:   0000020161e09940 000002015528fb30
0x0000005c25aff100:   00000201750e0000 000002017ed55b80
0x0000005c25aff110:   0000020100000144 0000000000000144
0x0000005c25aff120:   000002017ebb0000 0000020105010004
0x0000005c25aff130:   00000201750e02e8 00000000000007a0
0x0000005c25aff140:   000000000000007a 00000201750e0150
0x0000005c25aff150:   000002017ed55b80 00007fff71bde3a9
0x0000005c25aff160:   00000201750e0000 0000005c25aff1b0
0x0000005c25aff170:   0000000000000000 0000000000000000
0x0000005c25aff180:   00000201750e8ee4 00007fff71c42898
0x0000005c25aff190:   0000000000000009 0000000000000000
0x0000005c25aff1a0:   0000000000000000 00007fff71bfdf6f
0x0000005c25aff1b0:   00000201750e02e8 00000201750e0150
0x0000005c25aff1c0:   0000020175220000 0000020175227868
0x0000005c25aff1d0:   000000000000007a 00000201750e0000
0x0000005c25aff1e0:   0000000000000000 0000000000000048
0x0000005c25aff1f0:   00000201750e0000 0000020175227870
0x0000005c25aff200:   0000000000000000 0000000000000001
0x0000005c25aff210:   0000020175227860 0000000000000076
0x0000005c25aff220:   0000000000000000 00000000000000ca
0x0000005c25aff230:   0000020175220150 000002017ed55b90
0x0000005c25aff240:   0000000000000048 0000000000000080
0x0000005c25aff250:   0000020175227860 00007fff6f481da0
0x0000005c25aff260:   0000000000000048 00007fff71c21910 

Instructions: (pc=0x00007fff2b189f04)
0x00007fff2b189e04:   0f c1 05 75 88 4a 00 ff c0 48 8d 0d 6c 84 4a 00
0x00007fff2b189e14:   83 e0 7f 48 87 1c c1 48 85 db 74 0d 48 8b cb 48
0x00007fff2b189e24:   83 c4 20 5b e9 c3 f0 ff ff 48 83 c4 20 5b c3 cc
0x00007fff2b189e34:   cc cc cc cc cc cc cc cc cc cc cc cc 40 53 55 56
0x00007fff2b189e44:   57 41 54 41 57 48 81 ec 98 08 00 00 48 8b 05 51
0x00007fff2b189e54:   25 44 00 48 33 c4 48 89 84 24 80 08 00 00 48 8b
0x00007fff2b189e64:   79 10 4d 8b f8 48 8b 9a a8 01 00 00 4c 8b e2 48
0x00007fff2b189e74:   8b ac 24 f0 08 00 00 48 8b c3 48 8b b4 24 f8 08
0x00007fff2b189e84:   00 00 4c 89 4c 24 68 4c 89 44 24 60 48 89 54 24
0x00007fff2b189e94:   58 48 89 4c 24 50 48 89 6c 24 40 48 89 74 24 30
0x00007fff2b189ea4:   48 89 7c 24 48 f6 c3 01 75 0b 48 8b 05 ab 2a 48
0x00007fff2b189eb4:   00 48 83 c8 01 4c 89 ac 24 d8 08 00 00 4c 89 b4
0x00007fff2b189ec4:   24 90 08 00 00 48 89 82 a8 01 00 00 e8 1b 89 ea
0x00007fff2b189ed4:   ff 90 4c 3b 7c 24 68 0f 83 96 03 00 00 48 8b 07
0x00007fff2b189ee4:   4a 8b 0c f8 4e 8d 3c f8 48 83 e1 fc 0f 84 69 03
0x00007fff2b189ef4:   00 00 66 66 0f 1f 84 00 00 00 00 00 48 ff 45 00
0x00007fff2b189f04:   8b 41 08 0f b7 c0 85 c0 74 0d 48 8b 09 48 85 c9
0x00007fff2b189f14:   75 ea e9 44 03 00 00 49 89 9c 24 a8 01 00 00 33
0x00007fff2b189f24:   db 49 8b 07 a8 01 75 15 49 8b 07 48 83 e0 fc 48
0x00007fff2b189f34:   8b c8 48 83 c9 01 f0 49 0f b1 0f 74 18 ff c3 81
0x00007fff2b189f44:   fb 00 20 00 00 75 07 e8 40 40 eb ff eb d1 e8 c9
0x00007fff2b189f54:   54 7f ff eb cc 49 8b 3f 33 c9 33 d2 89 4c 24 20
0x00007fff2b189f64:   33 db 48 89 54 24 28 48 89 5c 24 38 4d 8b ef 48
0x00007fff2b189f74:   83 e7 fc 0f 84 5f 01 00 00 be 01 00 00 00 0f 1f
0x00007fff2b189f84:   40 00 66 66 0f 1f 84 00 00 00 00 00 48 ff 45 00
0x00007fff2b189f94:   8b 47 08 0f b7 c0 4c 63 e6 85 c0 0f 85 1e 01 00
0x00007fff2b189fa4:   00 48 81 fb 00 01 00 00 73 0d 48 89 bc dc 80 00
0x00007fff2b189fb4:   00 00 e9 be 00 00 00 48 81 fb ff ff ff 7f 0f 83
0x00007fff2b189fc4:   e7 02 00 00 8d 6e ff 3b e9 0f 85 9a 00 00 00 85
0x00007fff2b189fd4:   f6 0f 8e c4 00 00 00 85 ee 0f 85 bc 00 00 00 8b
0x00007fff2b189fe4:   de 89 5c 24 20 41 b0 0b ba 08 00 00 00 8b cb e8
0x00007fff2b189ff4:   d8 73 b8 ff 48 8b 54 24 28 4c 8b f0 45 33 c9 85 


Stack slot to memory mapping:

stack at sp + 0 slots: 0x0000000000000001 is an unknown value
stack at sp + 1 slots: 0x0000005c00000000 is an unknown value
stack at sp + 2 slots: 0x0000000000000144 is an unknown value
stack at sp + 3 slots: 0x0000000000000144 is an unknown value
stack at sp + 4 slots: 0x0 is null
stack at sp + 5 slots: 0x0 is null
stack at sp + 6 slots: 0x0000005c25affa10 is pointing into the stack for thread: 0x000002017ecdf4f0
stack at sp + 7 slots: 0x0000000000000001 is an unknown value


---------------  P R O C E S S  ---------------

Threads class SMR info:
_java_thread_list=0x00000201619d0a50, length=39, elements={
0x0000020177304580, 0x000002017ecd9540, 0x000002017ecdaca0, 0x000002017ecdc820,
0x000002017ecdd730, 0x000002017ecdf4f0, 0x000002017ece1f50, 0x000002017ece2cd0,
0x000002017ed5fc80, 0x000002017736f6c0, 0x000002017fbc7710, 0x00000201544f7cb0,
0x0000020154264d80, 0x000002017fb5f770, 0x000002017faf37e0, 0x00000201545773d0,
0x000002017fcb3cc0, 0x0000020154630980, 0x0000020154631010, 0x00000201546330e0,
0x00000201556e31b0, 0x00000201556e6cc0, 0x00000201556e8700, 0x00000201556e7350,
0x00000201556e6630, 0x00000201556e2b20, 0x00000201556e4bf0, 0x00000201556e3840,
0x00000201556e5fa0, 0x0000020157128a00, 0x000002015712df50, 0x000002015515dbd0,
0x000002015515fca0, 0x0000020155160330, 0x00000201551609c0, 0x00000201551616e0,
0x0000020155162400, 0x0000020155162a90, 0x0000020155163120
}

Java Threads: ( => current thread )
  0x0000020177304580 JavaThread "main"                              [_thread_blocked, id=6868, stack(0x0000005c25200000,0x0000005c25300000) (1024K)]
  0x000002017ecd9540 JavaThread "Reference Handler"          daemon [_thread_blocked, id=10620, stack(0x0000005c25600000,0x0000005c25700000) (1024K)]
  0x000002017ecdaca0 JavaThread "Finalizer"                  daemon [_thread_blocked, id=4164, stack(0x0000005c25700000,0x0000005c25800000) (1024K)]
  0x000002017ecdc820 JavaThread "Signal Dispatcher"          daemon [_thread_blocked, id=11172, stack(0x0000005c25800000,0x0000005c25900000) (1024K)]
  0x000002017ecdd730 JavaThread "Attach Listener"            daemon [_thread_blocked, id=11128, stack(0x0000005c25900000,0x0000005c25a00000) (1024K)]
=>0x000002017ecdf4f0 JavaThread "Service Thread"             daemon [_thread_in_vm, id=9420, stack(0x0000005c25a00000,0x0000005c25b00000) (1024K)]
  0x000002017ece1f50 JavaThread "Monitor Deflation Thread"   daemon [_thread_blocked, id=6452, stack(0x0000005c25b00000,0x0000005c25c00000) (1024K)]
  0x000002017ece2cd0 JavaThread "C2 CompilerThread0"         daemon [_thread_blocked, id=8732, stack(0x0000005c25c00000,0x0000005c25d00000) (1024K)]
  0x000002017ed5fc80 JavaThread "C1 CompilerThread0"         daemon [_thread_blocked, id=428, stack(0x0000005c25d00000,0x0000005c25e00000) (1024K)]
  0x000002017736f6c0 JavaThread "Common-Cleaner"             daemon [_thread_blocked, id=8400, stack(0x0000005c25e00000,0x0000005c25f00000) (1024K)]
  0x000002017fbc7710 JavaThread "Notification Thread"        daemon [_thread_blocked, id=9120, stack(0x0000005c25f00000,0x0000005c26000000) (1024K)]
  0x00000201544f7cb0 JavaThread "Active Thread: Equinox Container: c2e98f94-1907-4240-be91-2d245f13c2ad"        [_thread_blocked, id=10320, stack(0x0000005c26400000,0x0000005c26500000) (1024K)]
  0x0000020154264d80 JavaThread "Refresh Thread: Equinox Container: c2e98f94-1907-4240-be91-2d245f13c2ad" daemon [_thread_blocked, id=2268, stack(0x0000005c26000000,0x0000005c26100000) (1024K)]
  0x000002017fb5f770 JavaThread "Framework Event Dispatcher: Equinox Container: c2e98f94-1907-4240-be91-2d245f13c2ad" daemon [_thread_blocked, id=7864, stack(0x0000005c26500000,0x0000005c26600000) (1024K)]
  0x000002017faf37e0 JavaThread "Start Level: Equinox Container: c2e98f94-1907-4240-be91-2d245f13c2ad" daemon [_thread_blocked, id=10080, stack(0x0000005c26600000,0x0000005c26700000) (1024K)]
  0x00000201545773d0 JavaThread "Bundle File Closer"         daemon [_thread_blocked, id=4944, stack(0x0000005c26700000,0x0000005c26800000) (1024K)]
  0x000002017fcb3cc0 JavaThread "SCR Component Actor"        daemon [_thread_blocked, id=808, stack(0x0000005c26800000,0x0000005c26900000) (1024K)]
  0x0000020154630980 JavaThread "Worker-JM"                         [_thread_blocked, id=4772, stack(0x0000005c26a00000,0x0000005c26b00000) (1024K)]
  0x0000020154631010 JavaThread "JNA Cleaner"                daemon [_thread_blocked, id=6820, stack(0x0000005c26b00000,0x0000005c26c00000) (1024K)]
  0x00000201546330e0 JavaThread "Java indexing"              daemon [_thread_blocked, id=4800, stack(0x0000005c27000000,0x0000005c27100000) (1024K)]
  0x00000201556e31b0 JavaThread "Thread-2"                   daemon [_thread_in_native, id=2092, stack(0x0000005c27500000,0x0000005c27600000) (1024K)]
  0x00000201556e6cc0 JavaThread "Thread-3"                   daemon [_thread_in_native, id=8696, stack(0x0000005c27600000,0x0000005c27700000) (1024K)]
  0x00000201556e8700 JavaThread "Thread-4"                   daemon [_thread_in_native, id=5308, stack(0x0000005c27700000,0x0000005c27800000) (1024K)]
  0x00000201556e7350 JavaThread "Thread-5"                   daemon [_thread_in_native, id=4744, stack(0x0000005c27800000,0x0000005c27900000) (1024K)]
  0x00000201556e6630 JavaThread "Thread-6"                   daemon [_thread_in_native, id=6968, stack(0x0000005c27900000,0x0000005c27a00000) (1024K)]
  0x00000201556e2b20 JavaThread "pool-2-thread-1"                   [_thread_blocked, id=8920, stack(0x0000005c27a00000,0x0000005c27b00000) (1024K)]
  0x00000201556e4bf0 JavaThread "WorkspaceEventsHandler"            [_thread_blocked, id=10076, stack(0x0000005c27b00000,0x0000005c27c00000) (1024K)]
  0x00000201556e3840 JavaThread "pool-1-thread-1"                   [_thread_blocked, id=7192, stack(0x0000005c27c00000,0x0000005c27d00000) (1024K)]
  0x00000201556e5fa0 JavaThread "Cleaner-0"                  daemon [_thread_blocked, id=11188, stack(0x0000005c28000000,0x0000005c28100000) (1024K)]
  0x0000020157128a00 JavaThread "Worker-18"                         [_thread_blocked, id=9780, stack(0x0000005c26f00000,0x0000005c27000000) (1024K)]
  0x000002015712df50 JavaThread "Worker-23"                         [_thread_blocked, id=10744, stack(0x0000005c27100000,0x0000005c27200000) (1024K)]
  0x000002015515dbd0 JavaThread "ForkJoinPool.commonPool-worker-28" daemon [_thread_blocked, id=8084, stack(0x0000005c25000000,0x0000005c25100000) (1024K)]
  0x000002015515fca0 JavaThread "ForkJoinPool.commonPool-worker-29" daemon [_thread_blocked, id=2848, stack(0x0000005c25100000,0x0000005c25200000) (1024K)]
  0x0000020155160330 JavaThread "ForkJoinPool.commonPool-worker-30" daemon [_thread_blocked, id=9400, stack(0x0000005c26900000,0x0000005c26a00000) (1024K)]
  0x00000201551609c0 JavaThread "Worker-24"                         [_thread_blocked, id=120, stack(0x0000005c26c00000,0x0000005c26d00000) (1024K)]
  0x00000201551616e0 JavaThread "Compiler Source File Reader" daemon [_thread_blocked, id=3044, stack(0x0000005c26d00000,0x0000005c26e00000) (1024K)]
  0x0000020155162400 JavaThread "Compiler Processing Task"   daemon [_thread_blocked, id=8748, stack(0x0000005c26e00000,0x0000005c26f00000) (1024K)]
  0x0000020155162a90 JavaThread "Compiler Source File Reader" daemon [_thread_blocked, id=10936, stack(0x0000005c27200000,0x0000005c27300000) (1024K)]
  0x0000020155163120 JavaThread "Worker-25"                         [_thread_blocked, id=5628, stack(0x0000005c27300000,0x0000005c27400000) (1024K)]
Total: 39

Other Threads:
  0x00000201751deae0 VMThread "VM Thread"                           [id=6028, stack(0x0000005c25500000,0x0000005c25600000) (1024K)] _threads_hazard_ptr=0x00000201619d0a50
  0x000002017736eb40 WatcherThread "VM Periodic Task Thread"        [id=9816, stack(0x0000005c25400000,0x0000005c25500000) (1024K)]
  0x0000020177321370 WorkerThread "GC Thread#0"                     [id=7720, stack(0x0000005c25300000,0x0000005c25400000) (1024K)]
  0x00000201546dc650 WorkerThread "GC Thread#1"                     [id=10396, stack(0x0000005c26100000,0x0000005c26200000) (1024K)]
  0x00000201546dc9f0 WorkerThread "GC Thread#2"                     [id=9300, stack(0x0000005c26200000,0x0000005c26300000) (1024K)]
  0x000002017fc02790 WorkerThread "GC Thread#3"                     [id=3068, stack(0x0000005c26300000,0x0000005c26400000) (1024K)]
Total: 6

Threads with active compile tasks:
C2 CompilerThread0  5698114 23029       4       java.lang.ThreadLocal$ThreadLocalMap::expungeStaleEntry (146 bytes)
Total: 1

VM state: synchronizing (normal execution)

VM Mutex/Monitor currently owned by a thread:  ([mutex/lock_event])
[0x00007fff2b625458] Threads_lock - owner thread: 0x00000201751deae0
[0x00007fff2b625558] Heap_lock - owner thread: 0x0000020155160330

Heap address: 0x0000000080000000, size: 2048 MB, Compressed Oops mode: 32-bit

CDS archive(s) mapped at: [0x000002010f000000-0x000002010fba0000-0x000002010fba0000), size 12189696, SharedBaseAddress: 0x000002010f000000, ArchiveRelocationMode: 1.
Compressed class space mapped at: 0x0000020110000000-0x0000020150000000, reserved size: 1073741824
Narrow klass base: 0x000002010f000000, Narrow klass shift: 0, Narrow klass range: 0x100000000

GC Precious Log:
 CardTable entry size: 512
 CPUs: 4 total, 4 available
 Memory: 4001M
 Large Page Support: Disabled
 NUMA Support: Disabled
 Compressed Oops: Enabled (32-bit)
 Alignments: Space 512K, Generation 512K, Heap 2M
 Heap Min Capacity: 100M
 Heap Initial Capacity: 100M
 Heap Max Capacity: 2G
 Pre-touch: Disabled
 Parallel Workers: 4

Heap:
 PSYoungGen      total 2560K, used 2448K [0x00000000d5580000, 0x00000000d5980000, 0x0000000100000000)
  eden space 2048K, 100% used [0x00000000d5580000,0x00000000d5780000,0x00000000d5780000)
  from space 512K, 78% used [0x00000000d5900000,0x00000000d5964010,0x00000000d5980000)
  to   space 512K, 0% used [0x00000000d5880000,0x00000000d5880000,0x00000000d5900000)
 ParOldGen       total 129024K, used 101896K [0x0000000080000000, 0x0000000087e00000, 0x00000000d5580000)
  object space 129024K, 78% used [0x0000000080000000,0x00000000863822a0,0x0000000087e00000)
 Metaspace       used 85802K, committed 87680K, reserved 1179648K
  class space    used 8549K, committed 9344K, reserved 1048576K

Card table byte_map: [0x0000020176cc0000,0x00000201770d0000] _byte_map_base: 0x00000201768c0000

Marking Bits: (ParMarkBitMap*) 0x00007fff2b62a340
 Begin Bits: [0x000002017a7b0000, 0x000002017c7b0000)
 End Bits:   [0x000002017c7b0000, 0x000002017e7b0000)

Polling page: 0x0000020175200000

Metaspace:

Usage:
  Non-class:     75.44 MB used.
      Class:      8.35 MB used.
       Both:     83.79 MB used.

Virtual space:
  Non-class space:      128.00 MB reserved,      76.50 MB ( 60%) committed,  2 nodes.
      Class space:        1.00 GB reserved,       9.12 MB ( <1%) committed,  1 nodes.
             Both:        1.12 GB reserved,      85.62 MB (  7%) committed. 

Chunk freelists:
   Non-Class:  3.87 MB
       Class:  7.00 MB
        Both:  10.88 MB

MaxMetaspaceSize: unlimited
CompressedClassSpaceSize: 1.00 GB
Initial GC threshold: 21.00 MB
Current GC threshold: 142.75 MB
CDS: on
 - commit_granule_bytes: 65536.
 - commit_granule_words: 8192.
 - virtual_space_node_default_size: 8388608.
 - enlarge_chunks_in_place: 1.
 - use_allocation_guard: 0.


Internal statistics:

num_allocs_failed_limit: 9.
num_arena_births: 1622.
num_arena_deaths: 388.
num_vsnodes_births: 3.
num_vsnodes_deaths: 0.
num_space_committed: 1370.
num_space_uncommitted: 0.
num_chunks_returned_to_freelist: 456.
num_chunks_taken_from_freelist: 5878.
num_chunk_merges: 115.
num_chunk_splits: 3491.
num_chunks_enlarged: 1859.
num_inconsistent_stats: 0.

CodeHeap 'non-profiled nmethods': size=120000Kb used=20697Kb max_used=25137Kb free=99302Kb
 bounds [0x0000020107ad0000, 0x0000020109360000, 0x000002010f000000]
CodeHeap 'profiled nmethods': size=120000Kb used=34230Kb max_used=49180Kb free=85769Kb
 bounds [0x0000020100000000, 0x0000020103010000, 0x0000020107530000]
CodeHeap 'non-nmethods': size=5760Kb used=1507Kb max_used=1581Kb free=4253Kb
 bounds [0x0000020107530000, 0x00000201077a0000, 0x0000020107ad0000]
CodeCache: size=245760Kb, used=56434Kb, max_used=75898Kb, free=189324Kb
 total_blobs=15885, nmethods=15063, adapters=725, full_count=0
Compilation: enabled, stopped_count=0, restarted_count=0

Compilation events (20 events):
Event: 5694.260 Thread 0x000002017ece2cd0 nmethod 23018 0x0000020109357d10 code [0x0000020109357f20, 0x0000020109358800]
Event: 5694.739 Thread 0x000002017ed5fc80 23020       3       org.eclipse.jdt.internal.compiler.problem.ProblemReporter::typesAsString (11 bytes)
Event: 5694.739 Thread 0x000002017ed5fc80 nmethod 23020 0x0000020101ab4790 code [0x0000020101ab4940, 0x0000020101ab4a88]
Event: 5694.739 Thread 0x000002017ed5fc80 23021       3       org.eclipse.jdt.internal.compiler.problem.ProblemReporter::typesAsString (9 bytes)
Event: 5694.739 Thread 0x000002017ed5fc80 nmethod 23021 0x00000201010ea990 code [0x00000201010eab40, 0x00000201010eac80]
Event: 5695.406 Thread 0x000002017ed5fc80 23022       3       org.eclipse.jdt.internal.compiler.lookup.Scope::parameterCompatibilityLevelFromInference (290 bytes)
Event: 5695.409 Thread 0x000002017ed5fc80 nmethod 23022 0x00000201013bec10 code [0x00000201013bef60, 0x00000201013c0938]
Event: 5695.409 Thread 0x000002017ed5fc80 23023       3       org.eclipse.jdt.internal.compiler.lookup.TypeBinding::sIsMoreSpecific (21 bytes)
Event: 5695.410 Thread 0x000002017ed5fc80 nmethod 23023 0x0000020101ab4190 code [0x0000020101ab4360, 0x0000020101ab46a0]
Event: 5695.810 Thread 0x000002017ece2cd0 23024       4       org.eclipse.jdt.internal.compiler.ast.BinaryExpression::resolveType (790 bytes)
Event: 5695.840 Thread 0x000002017ece2cd0 nmethod 23024 0x0000020109358d10 code [0x0000020109359160, 0x000002010935a5f8]
Event: 5696.368 Thread 0x000002017ece2cd0 23025       4       java.lang.invoke.LambdaForm$DMH/0x0000020110250000::invokeInterface (28 bytes)
Event: 5696.371 Thread 0x000002017ece2cd0 nmethod 23025 0x000002010935b690 code [0x000002010935b840, 0x000002010935ba30]
Event: 5696.511 Thread 0x000002017ece2cd0 23026       4       org.eclipse.jdt.internal.core.builder.ClasspathDirectory::doesFileExist (46 bytes)
Event: 5696.523 Thread 0x000002017ece2cd0 nmethod 23026 0x000002010935bc10 code [0x000002010935bdc0, 0x000002010935c088]
Event: 5696.668 Thread 0x000002017ece2cd0 23027       4       org.eclipse.jdt.internal.compiler.parser.Scanner::getLineEnds (39 bytes)
Event: 5696.670 Thread 0x000002017ece2cd0 nmethod 23027 0x000002010935c210 code [0x000002010935c3a0, 0x000002010935c5a8]
Event: 5697.949 Thread 0x000002017ece2cd0 23028   !   4       java.util.concurrent.CompletableFuture::uniExceptionally (76 bytes)
Event: 5698.003 Thread 0x000002017ece2cd0 nmethod 23028 0x000002010903e790 code [0x000002010903ea60, 0x000002010903fa08]
Event: 5698.003 Thread 0x000002017ece2cd0 23029       4       java.lang.ThreadLocal$ThreadLocalMap::expungeStaleEntry (146 bytes)

GC Heap History (20 events):
Event: 5696.500 GC heap before
{Heap before GC invocations=2862 (full 5):
 PSYoungGen      total 3584K, used 3559K [0x00000000d5580000, 0x00000000d6480000, 0x0000000100000000)
  eden space 1024K, 99% used [0x00000000d5580000,0x00000000d567ff08,0x00000000d5680000)
  from space 2560K, 99% used [0x00000000d5c00000,0x00000000d5e7a000,0x00000000d5e80000)
  to   space 5632K, 0% used [0x00000000d5680000,0x00000000d5680000,0x00000000d5c00000)
 ParOldGen       total 1390592K, used 1390508K [0x0000000080000000, 0x00000000d4e00000, 0x00000000d5580000)
  object space 1390592K, 99% used [0x0000000080000000,0x00000000d4deb210,0x00000000d4e00000)
 Metaspace       used 86127K, committed 87680K, reserved 1179648K
  class space    used 8638K, committed 9344K, reserved 1048576K
}
Event: 5696.507 GC heap after
{Heap after GC invocations=2862 (full 5):
 PSYoungGen      total 2048K, used 720K [0x00000000d5580000, 0x00000000d5c80000, 0x0000000100000000)
  eden space 1024K, 0% used [0x00000000d5580000,0x00000000d5580000,0x00000000d5680000)
  from space 1024K, 70% used [0x00000000d5680000,0x00000000d5734000,0x00000000d5780000)
  to   space 2560K, 0% used [0x00000000d5a00000,0x00000000d5a00000,0x00000000d5c80000)
 ParOldGen       total 1393152K, used 1392908K [0x0000000080000000, 0x00000000d5080000, 0x00000000d5580000)
  object space 1393152K, 99% used [0x0000000080000000,0x00000000d5043210,0x00000000d5080000)
 Metaspace       used 86127K, committed 87680K, reserved 1179648K
  class space    used 8638K, committed 9344K, reserved 1048576K
}
Event: 5696.513 GC heap before
{Heap before GC invocations=2863 (full 5):
 PSYoungGen      total 2048K, used 1743K [0x00000000d5580000, 0x00000000d5c80000, 0x0000000100000000)
  eden space 1024K, 99% used [0x00000000d5580000,0x00000000d567fff0,0x00000000d5680000)
  from space 1024K, 70% used [0x00000000d5680000,0x00000000d5734000,0x00000000d5780000)
  to   space 2560K, 0% used [0x00000000d5a00000,0x00000000d5a00000,0x00000000d5c80000)
 ParOldGen       total 1393152K, used 1392908K [0x0000000080000000, 0x00000000d5080000, 0x00000000d5580000)
  object space 1393152K, 99% used [0x0000000080000000,0x00000000d5043210,0x00000000d5080000)
 Metaspace       used 86127K, committed 87680K, reserved 1179648K
  class space    used 8638K, committed 9344K, reserved 1048576K
}
Event: 5696.520 GC heap after
{Heap after GC invocations=2863 (full 5):
 PSYoungGen      total 2048K, used 352K [0x00000000d5580000, 0x00000000d5a80000, 0x0000000100000000)
  eden space 1536K, 0% used [0x00000000d5580000,0x00000000d5580000,0x00000000d5700000)
  from space 512K, 68% used [0x00000000d5a00000,0x00000000d5a58000,0x00000000d5a80000)
  to   space 1024K, 0% used [0x00000000d5880000,0x00000000d5880000,0x00000000d5980000)
 ParOldGen       total 1393664K, used 1393572K [0x0000000080000000, 0x00000000d5100000, 0x00000000d5580000)
  object space 1393664K, 99% used [0x0000000080000000,0x00000000d50e9220,0x00000000d5100000)
 Metaspace       used 86127K, committed 87680K, reserved 1179648K
  class space    used 8638K, committed 9344K, reserved 1048576K
}
Event: 5696.528 GC heap before
{Heap before GC invocations=2864 (full 5):
 PSYoungGen      total 2048K, used 1887K [0x00000000d5580000, 0x00000000d5a80000, 0x0000000100000000)
  eden space 1536K, 99% used [0x00000000d5580000,0x00000000d56ffff8,0x00000000d5700000)
  from space 512K, 68% used [0x00000000d5a00000,0x00000000d5a58000,0x00000000d5a80000)
  to   space 1024K, 0% used [0x00000000d5880000,0x00000000d5880000,0x00000000d5980000)
 ParOldGen       total 1393664K, used 1393572K [0x0000000080000000, 0x00000000d5100000, 0x00000000d5580000)
  object space 1393664K, 99% used [0x0000000080000000,0x00000000d50e9220,0x00000000d5100000)
 Metaspace       used 86127K, committed 87680K, reserved 1179648K
  class space    used 8638K, committed 9344K, reserved 1048576K
}
Event: 5696.533 GC heap after
{Heap after GC invocations=2864 (full 5):
 PSYoungGen      total 3072K, used 896K [0x00000000d5580000, 0x00000000d5a80000, 0x0000000100000000)
  eden space 2048K, 0% used [0x00000000d5580000,0x00000000d5580000,0x00000000d5780000)
  from space 1024K, 87% used [0x00000000d5880000,0x00000000d5960000,0x00000000d5980000)
  to   space 1024K, 0% used [0x00000000d5980000,0x00000000d5980000,0x00000000d5a80000)
 ParOldGen       total 1394176K, used 1393884K [0x0000000080000000, 0x00000000d5180000, 0x00000000d5580000)
  object space 1394176K, 99% used [0x0000000080000000,0x00000000d5137220,0x00000000d5180000)
 Metaspace       used 86127K, committed 87680K, reserved 1179648K
  class space    used 8638K, committed 9344K, reserved 1048576K
}
Event: 5696.594 GC heap before
{Heap before GC invocations=2865 (full 5):
 PSYoungGen      total 3072K, used 2944K [0x00000000d5580000, 0x00000000d5a80000, 0x0000000100000000)
  eden space 2048K, 100% used [0x00000000d5580000,0x00000000d5780000,0x00000000d5780000)
  from space 1024K, 87% used [0x00000000d5880000,0x00000000d5960000,0x00000000d5980000)
  to   space 1024K, 0% used [0x00000000d5980000,0x00000000d5980000,0x00000000d5a80000)
 ParOldGen       total 1394176K, used 1393884K [0x0000000080000000, 0x00000000d5180000, 0x00000000d5580000)
  object space 1394176K, 99% used [0x0000000080000000,0x00000000d5137220,0x00000000d5180000)
 Metaspace       used 86127K, committed 87680K, reserved 1179648K
  class space    used 8638K, committed 9344K, reserved 1048576K
}
Event: 5696.600 GC heap after
{Heap after GC invocations=2865 (full 5):
 PSYoungGen      total 2048K, used 995K [0x00000000d5580000, 0x00000000d5e00000, 0x0000000100000000)
  eden space 1024K, 0% used [0x00000000d5580000,0x00000000d5580000,0x00000000d5680000)
  from space 1024K, 97% used [0x00000000d5980000,0x00000000d5a78d60,0x00000000d5a80000)
  to   space 3072K, 0% used [0x00000000d5680000,0x00000000d5680000,0x00000000d5980000)
 ParOldGen       total 1395712K, used 1395524K [0x0000000080000000, 0x00000000d5300000, 0x00000000d5580000)
  object space 1395712K, 99% used [0x0000000080000000,0x00000000d52d1220,0x00000000d5300000)
 Metaspace       used 86127K, committed 87680K, reserved 1179648K
  class space    used 8638K, committed 9344K, reserved 1048576K
}
Event: 5696.605 GC heap before
{Heap before GC invocations=2866 (full 5):
 PSYoungGen      total 2048K, used 2019K [0x00000000d5580000, 0x00000000d5e00000, 0x0000000100000000)
  eden space 1024K, 100% used [0x00000000d5580000,0x00000000d5680000,0x00000000d5680000)
  from space 1024K, 97% used [0x00000000d5980000,0x00000000d5a78d60,0x00000000d5a80000)
  to   space 3072K, 0% used [0x00000000d5680000,0x00000000d5680000,0x00000000d5980000)
 ParOldGen       total 1395712K, used 1395524K [0x0000000080000000, 0x00000000d5300000, 0x00000000d5580000)
  object space 1395712K, 99% used [0x0000000080000000,0x00000000d52d1220,0x00000000d5300000)
 Metaspace       used 86127K, committed 87680K, reserved 1179648K
  class space    used 8638K, committed 9344K, reserved 1048576K
}
Event: 5696.611 GC heap after
{Heap after GC invocations=2866 (full 5):
 PSYoungGen      total 2048K, used 960K [0x00000000d5580000, 0x00000000d5b00000, 0x0000000100000000)
  eden space 1024K, 0% used [0x00000000d5580000,0x00000000d5580000,0x00000000d5680000)
  from space 1024K, 93% used [0x00000000d5680000,0x00000000d5770000,0x00000000d5780000)
  to   space 2048K, 0% used [0x00000000d5900000,0x00000000d5900000,0x00000000d5b00000)
 ParOldGen       total 1396736K, used 1396535K [0x0000000080000000, 0x00000000d5400000, 0x00000000d5580000)
  object space 1396736K, 99% used [0x0000000080000000,0x00000000d53cdf80,0x00000000d5400000)
 Metaspace       used 86127K, committed 87680K, reserved 1179648K
  class space    used 8638K, committed 9344K, reserved 1048576K
}
Event: 5696.621 GC heap before
{Heap before GC invocations=2867 (full 5):
 PSYoungGen      total 2048K, used 1952K [0x00000000d5580000, 0x00000000d5b00000, 0x0000000100000000)
  eden space 1024K, 96% used [0x00000000d5580000,0x00000000d56783d0,0x00000000d5680000)
  from space 1024K, 93% used [0x00000000d5680000,0x00000000d5770000,0x00000000d5780000)
  to   space 2048K, 0% used [0x00000000d5900000,0x00000000d5900000,0x00000000d5b00000)
 ParOldGen       total 1396736K, used 1396535K [0x0000000080000000, 0x00000000d5400000, 0x00000000d5580000)
  object space 1396736K, 99% used [0x0000000080000000,0x00000000d53cdf80,0x00000000d5400000)
 Metaspace       used 86127K, committed 87680K, reserved 1179648K
  class space    used 8638K, committed 9344K, reserved 1048576K
}
Event: 5696.630 GC heap after
{Heap after GC invocations=2867 (full 5):
 PSYoungGen      total 2560K, used 948K [0x00000000d5580000, 0x00000000d5a00000, 0x0000000100000000)
  eden space 1536K, 0% used [0x00000000d5580000,0x00000000d5580000,0x00000000d5700000)
  from space 1024K, 92% used [0x00000000d5900000,0x00000000d59ed000,0x00000000d5a00000)
  to   space 1536K, 0% used [0x00000000d5700000,0x00000000d5700000,0x00000000d5880000)
 ParOldGen       total 1397760K, used 1397463K [0x0000000080000000, 0x00000000d5500000, 0x00000000d5580000)
  object space 1397760K, 99% used [0x0000000080000000,0x00000000d54b5f80,0x00000000d5500000)
 Metaspace       used 86127K, committed 87680K, reserved 1179648K
  class space    used 8638K, committed 9344K, reserved 1048576K
}
Event: 5696.837 GC heap before
{Heap before GC invocations=2868 (full 6):
 PSYoungGen      total 2560K, used 2479K [0x00000000d5580000, 0x00000000d5a00000, 0x0000000100000000)
  eden space 1536K, 99% used [0x00000000d5580000,0x00000000d56feee8,0x00000000d5700000)
  from space 1024K, 92% used [0x00000000d5900000,0x00000000d59ed000,0x00000000d5a00000)
  to   space 1536K, 0% used [0x00000000d5700000,0x00000000d5700000,0x00000000d5880000)
 ParOldGen       total 1397760K, used 1397463K [0x0000000080000000, 0x00000000d5500000, 0x00000000d5580000)
  object space 1397760K, 99% used [0x0000000080000000,0x00000000d54b5f80,0x00000000d5500000)
 Metaspace       used 86127K, committed 87680K, reserved 1179648K
  class space    used 8638K, committed 9344K, reserved 1048576K
}
Event: 5697.927 GC heap after
{Heap after GC invocations=2868 (full 6):
 PSYoungGen      total 3072K, used 0K [0x00000000d5580000, 0x00000000d5a80000, 0x0000000100000000)
  eden space 1536K, 0% used [0x00000000d5580000,0x00000000d5580000,0x00000000d5700000)
  from space 1536K, 0% used [0x00000000d5700000,0x00000000d5700000,0x00000000d5880000)
  to   space 1536K, 0% used [0x00000000d5900000,0x00000000d5900000,0x00000000d5a80000)
 ParOldGen       total 129024K, used 101798K [0x0000000080000000, 0x0000000087e00000, 0x00000000d5580000)
  object space 129024K, 78% used [0x0000000080000000,0x00000000863699e0,0x0000000087e00000)
 Metaspace       used 85802K, committed 87680K, reserved 1179648K
  class space    used 8549K, committed 9344K, reserved 1048576K
}
Event: 5697.936 GC heap before
{Heap before GC invocations=2869 (full 6):
 PSYoungGen      total 3072K, used 1536K [0x00000000d5580000, 0x00000000d5a80000, 0x0000000100000000)
  eden space 1536K, 100% used [0x00000000d5580000,0x00000000d5700000,0x00000000d5700000)
  from space 1536K, 0% used [0x00000000d5700000,0x00000000d5700000,0x00000000d5880000)
  to   space 1536K, 0% used [0x00000000d5900000,0x00000000d5900000,0x00000000d5a80000)
 ParOldGen       total 129024K, used 101798K [0x0000000080000000, 0x0000000087e00000, 0x00000000d5580000)
  object space 129024K, 78% used [0x0000000080000000,0x00000000863699e0,0x0000000087e00000)
 Metaspace       used 85802K, committed 87680K, reserved 1179648K
  class space    used 8549K, committed 9344K, reserved 1048576K
}
Event: 5697.938 GC heap after
{Heap after GC invocations=2869 (full 6):
 PSYoungGen      total 2560K, used 416K [0x00000000d5580000, 0x00000000d5980000, 0x0000000100000000)
  eden space 2048K, 0% used [0x00000000d5580000,0x00000000d5580000,0x00000000d5780000)
  from space 512K, 81% used [0x00000000d5900000,0x00000000d5968000,0x00000000d5980000)
  to   space 1024K, 0% used [0x00000000d5780000,0x00000000d5780000,0x00000000d5880000)
 ParOldGen       total 129024K, used 101798K [0x0000000080000000, 0x0000000087e00000, 0x00000000d5580000)
  object space 129024K, 78% used [0x0000000080000000,0x00000000863699e0,0x0000000087e00000)
 Metaspace       used 85802K, committed 87680K, reserved 1179648K
  class space    used 8549K, committed 9344K, reserved 1048576K
}
Event: 5697.970 GC heap before
{Heap before GC invocations=2870 (full 6):
 PSYoungGen      total 2560K, used 2463K [0x00000000d5580000, 0x00000000d5980000, 0x0000000100000000)
  eden space 2048K, 99% used [0x00000000d5580000,0x00000000d577ffe0,0x00000000d5780000)
  from space 512K, 81% used [0x00000000d5900000,0x00000000d5968000,0x00000000d5980000)
  to   space 1024K, 0% used [0x00000000d5780000,0x00000000d5780000,0x00000000d5880000)
 ParOldGen       total 129024K, used 101798K [0x0000000080000000, 0x0000000087e00000, 0x00000000d5580000)
  object space 129024K, 78% used [0x0000000080000000,0x00000000863699e0,0x0000000087e00000)
 Metaspace       used 85802K, committed 87680K, reserved 1179648K
  class space    used 8549K, committed 9344K, reserved 1048576K
}
Event: 5697.972 GC heap after
{Heap after GC invocations=2870 (full 6):
 PSYoungGen      total 3072K, used 192K [0x00000000d5580000, 0x00000000d5980000, 0x0000000100000000)
  eden space 2048K, 0% used [0x00000000d5580000,0x00000000d5580000,0x00000000d5780000)
  from space 1024K, 18% used [0x00000000d5780000,0x00000000d57b0000,0x00000000d5880000)
  to   space 512K, 0% used [0x00000000d5900000,0x00000000d5900000,0x00000000d5980000)
 ParOldGen       total 129024K, used 101856K [0x0000000080000000, 0x0000000087e00000, 0x00000000d5580000)
  object space 129024K, 78% used [0x0000000080000000,0x00000000863782a0,0x0000000087e00000)
 Metaspace       used 85802K, committed 87680K, reserved 1179648K
  class space    used 8549K, committed 9344K, reserved 1048576K
}
Event: 5697.988 GC heap before
{Heap before GC invocations=2871 (full 6):
 PSYoungGen      total 3072K, used 2240K [0x00000000d5580000, 0x00000000d5980000, 0x0000000100000000)
  eden space 2048K, 100% used [0x00000000d5580000,0x00000000d5780000,0x00000000d5780000)
  from space 1024K, 18% used [0x00000000d5780000,0x00000000d57b0000,0x00000000d5880000)
  to   space 512K, 0% used [0x00000000d5900000,0x00000000d5900000,0x00000000d5980000)
 ParOldGen       total 129024K, used 101856K [0x0000000080000000, 0x0000000087e00000, 0x00000000d5580000)
  object space 129024K, 78% used [0x0000000080000000,0x00000000863782a0,0x0000000087e00000)
 Metaspace       used 85802K, committed 87680K, reserved 1179648K
  class space    used 8549K, committed 9344K, reserved 1048576K
}
Event: 5697.989 GC heap after
{Heap after GC invocations=2871 (full 6):
 PSYoungGen      total 2560K, used 400K [0x00000000d5580000, 0x00000000d5980000, 0x0000000100000000)
  eden space 2048K, 0% used [0x00000000d5580000,0x00000000d5580000,0x00000000d5780000)
  from space 512K, 78% used [0x00000000d5900000,0x00000000d5964010,0x00000000d5980000)
  to   space 512K, 0% used [0x00000000d5880000,0x00000000d5880000,0x00000000d5900000)
 ParOldGen       total 129024K, used 101896K [0x0000000080000000, 0x0000000087e00000, 0x00000000d5580000)
  object space 129024K, 78% used [0x0000000080000000,0x00000000863822a0,0x0000000087e00000)
 Metaspace       used 85802K, committed 87680K, reserved 1179648K
  class space    used 8549K, committed 9344K, reserved 1048576K
}

Dll operation events (12 events):
Event: 0.022 Loaded shared library c:\Users\dell\.vscode\extensions\redhat.java-1.45.0-win32-x64\jre\21.0.8-win32-x86_64\bin\java.dll
Event: 0.216 Loaded shared library c:\Users\dell\.vscode\extensions\redhat.java-1.45.0-win32-x64\jre\21.0.8-win32-x86_64\bin\zip.dll
Event: 0.285 Loaded shared library C:\Users\dell\.vscode\extensions\redhat.java-1.45.0-win32-x64\jre\21.0.8-win32-x86_64\bin\instrument.dll
Event: 0.292 Loaded shared library C:\Users\dell\.vscode\extensions\redhat.java-1.45.0-win32-x64\jre\21.0.8-win32-x86_64\bin\net.dll
Event: 0.296 Loaded shared library C:\Users\dell\.vscode\extensions\redhat.java-1.45.0-win32-x64\jre\21.0.8-win32-x86_64\bin\nio.dll
Event: 0.302 Loaded shared library C:\Users\dell\.vscode\extensions\redhat.java-1.45.0-win32-x64\jre\21.0.8-win32-x86_64\bin\zip.dll
Event: 0.365 Loaded shared library C:\Users\dell\.vscode\extensions\redhat.java-1.45.0-win32-x64\jre\21.0.8-win32-x86_64\bin\jimage.dll
Event: 0.599 Loaded shared library c:\Users\dell\.vscode\extensions\redhat.java-1.45.0-win32-x64\jre\21.0.8-win32-x86_64\bin\verify.dll
Event: 14.491 Loaded shared library C:\Users\dell\AppData\Roaming\Code\User\globalStorage\redhat.java\1.45.0\config_win\org.eclipse.equinox.launcher\org.eclipse.equinox.launcher.win32.win32.x86_64_1.2.1400.v20250801-0854\eclipse_11916.dll
Event: 35.871 Loaded shared library C:\Users\dell\AppData\Local\Temp\jna-3079617\jna8759278932767744106.dll
Event: 50.277 Loaded shared library C:\Users\dell\.vscode\extensions\redhat.java-1.45.0-win32-x64\jre\21.0.8-win32-x86_64\bin\sunmscapi.dll
Event: 1191.470 Loaded shared library C:\Users\dell\.vscode\extensions\redhat.java-1.45.0-win32-x64\jre\21.0.8-win32-x86_64\bin\extnet.dll

Deoptimization events (20 events):
Event: 5694.193 Thread 0x0000020157128a00 Uncommon trap: trap_request=0xffffffbe fr.pc=0x000002010935256c relative=0x0000000000002cec
Event: 5694.193 Thread 0x0000020157128a00 Uncommon trap: reason=profile_predicate action=maybe_recompile pc=0x000002010935256c method=org.eclipse.jdt.core.compiler.CharOperation.toCharArrays(Ljava/util/List;)[[C @ 43 c2
Event: 5694.193 Thread 0x0000020157128a00 DEOPT PACKING pc=0x000002010935256c sp=0x0000005c26ffdce0
Event: 5694.193 Thread 0x0000020157128a00 DEOPT UNPACKING pc=0x0000020107583aa2 sp=0x0000005c26ffdbc0 mode 2
Event: 5694.193 Thread 0x0000020157128a00 Uncommon trap: trap_request=0xffffffbe fr.pc=0x000002010935256c relative=0x0000000000002cec
Event: 5694.193 Thread 0x0000020157128a00 Uncommon trap: reason=profile_predicate action=maybe_recompile pc=0x000002010935256c method=org.eclipse.jdt.core.compiler.CharOperation.toCharArrays(Ljava/util/List;)[[C @ 43 c2
Event: 5694.193 Thread 0x0000020157128a00 DEOPT PACKING pc=0x000002010935256c sp=0x0000005c26ffdce0
Event: 5694.193 Thread 0x0000020157128a00 DEOPT UNPACKING pc=0x0000020107583aa2 sp=0x0000005c26ffdbc0 mode 2
Event: 5694.193 Thread 0x0000020157128a00 Uncommon trap: trap_request=0xffffffbe fr.pc=0x000002010935256c relative=0x0000000000002cec
Event: 5694.193 Thread 0x0000020157128a00 Uncommon trap: reason=profile_predicate action=maybe_recompile pc=0x000002010935256c method=org.eclipse.jdt.core.compiler.CharOperation.toCharArrays(Ljava/util/List;)[[C @ 43 c2
Event: 5694.193 Thread 0x0000020157128a00 DEOPT PACKING pc=0x000002010935256c sp=0x0000005c26ffdce0
Event: 5694.193 Thread 0x0000020157128a00 DEOPT UNPACKING pc=0x0000020107583aa2 sp=0x0000005c26ffdbc0 mode 2
Event: 5694.193 Thread 0x0000020157128a00 Uncommon trap: trap_request=0xffffffbe fr.pc=0x000002010935256c relative=0x0000000000002cec
Event: 5694.193 Thread 0x0000020157128a00 Uncommon trap: reason=profile_predicate action=maybe_recompile pc=0x000002010935256c method=org.eclipse.jdt.core.compiler.CharOperation.toCharArrays(Ljava/util/List;)[[C @ 43 c2
Event: 5694.193 Thread 0x0000020157128a00 DEOPT PACKING pc=0x000002010935256c sp=0x0000005c26ffdce0
Event: 5694.193 Thread 0x0000020157128a00 DEOPT UNPACKING pc=0x0000020107583aa2 sp=0x0000005c26ffdbc0 mode 2
Event: 5697.993 Thread 0x000002015515dbd0 Uncommon trap: trap_request=0xffffffc6 fr.pc=0x00000201092b5c88 relative=0x00000000000022c8
Event: 5697.993 Thread 0x000002015515dbd0 Uncommon trap: reason=bimorphic_or_optimized_type_check action=maybe_recompile pc=0x00000201092b5c88 method=org.eclipse.jdt.internal.compiler.ast.IfStatement.analyseCode(Lorg/eclipse/jdt/internal/compiler/lookup/BlockScope;Lorg/eclipse/jdt/internal/compil
Event: 5697.993 Thread 0x000002015515dbd0 DEOPT PACKING pc=0x00000201092b5c88 sp=0x0000005c250fdef0
Event: 5697.993 Thread 0x000002015515dbd0 DEOPT UNPACKING pc=0x0000020107583aa2 sp=0x0000005c250fde60 mode 2

Classes loaded (20 events):
Event: 1192.541 Loading class sun/net/www/http/KeepAliveEntry
Event: 1192.542 Loading class sun/net/www/http/KeepAliveEntry done
Event: 1197.543 Loading class sun/security/ssl/Alert
Event: 1197.544 Loading class sun/security/ssl/Alert done
Event: 1197.545 Loading class sun/security/ssl/Alert$AlertConsumer
Event: 1197.545 Loading class sun/security/ssl/Alert$AlertConsumer done
Event: 1197.546 Loading class sun/security/ssl/Alert$Level
Event: 1197.546 Loading class sun/security/ssl/Alert$Level done
Event: 1197.552 Loading class sun/net/ConnectionResetException
Event: 1197.553 Loading class sun/net/ConnectionResetException done
Event: 1766.885 Loading class java/nio/channels/CompletionHandler
Event: 1766.885 Loading class java/nio/channels/CompletionHandler done
Event: 1767.084 Loading class jdk/internal/icu/text/NormalizerBase$NFCModeImpl
Event: 1767.086 Loading class jdk/internal/icu/text/NormalizerBase$NFCModeImpl done
Event: 1767.086 Loading class jdk/internal/icu/impl/Norm2AllModes$NFCSingleton
Event: 1767.087 Loading class jdk/internal/icu/impl/Norm2AllModes$NFCSingleton done
Event: 1767.090 Loading class java/nio/StringCharBuffer
Event: 1767.090 Loading class java/nio/StringCharBuffer done
Event: 1859.785 Loading class java/lang/StringLatin1$CharsSpliterator
Event: 1859.785 Loading class java/lang/StringLatin1$CharsSpliterator done

Classes unloaded (20 events):
Event: 5697.096 Thread 0x00000201751deae0 Unloading class 0x0000020110014800 'java/lang/invoke/LambdaForm$MH+0x0000020110014800'
Event: 5697.096 Thread 0x00000201751deae0 Unloading class 0x000002011000d800 'java/lang/invoke/LambdaForm$MH+0x000002011000d800'
Event: 5697.096 Thread 0x00000201751deae0 Unloading class 0x000002011000d400 'java/lang/invoke/LambdaForm$MH+0x000002011000d400'
Event: 5697.096 Thread 0x00000201751deae0 Unloading class 0x000002011000d000 'java/lang/invoke/LambdaForm$MH+0x000002011000d000'
Event: 5697.096 Thread 0x00000201751deae0 Unloading class 0x000002011000cc00 'java/lang/invoke/LambdaForm$MH+0x000002011000cc00'
Event: 5697.096 Thread 0x00000201751deae0 Unloading class 0x000002011000c800 'java/lang/invoke/LambdaForm$BMH+0x000002011000c800'
Event: 5697.096 Thread 0x00000201751deae0 Unloading class 0x000002011000c000 'java/lang/invoke/LambdaForm$DMH+0x000002011000c000'
Event: 5697.097 Thread 0x00000201751deae0 Unloading class 0x0000020110008c00 'java/lang/invoke/LambdaForm$MH+0x0000020110008c00'
Event: 5697.097 Thread 0x00000201751deae0 Unloading class 0x0000020110008800 'java/lang/invoke/LambdaForm$MH+0x0000020110008800'
Event: 5697.097 Thread 0x00000201751deae0 Unloading class 0x0000020110008400 'java/lang/invoke/LambdaForm$MH+0x0000020110008400'
Event: 5697.097 Thread 0x00000201751deae0 Unloading class 0x0000020110007000 'java/lang/invoke/LambdaForm$MH+0x0000020110007000'
Event: 5697.097 Thread 0x00000201751deae0 Unloading class 0x0000020110006800 'java/lang/invoke/LambdaForm$MH+0x0000020110006800'
Event: 5697.097 Thread 0x00000201751deae0 Unloading class 0x0000020110006400 'java/lang/invoke/LambdaForm$MH+0x0000020110006400'
Event: 5697.097 Thread 0x00000201751deae0 Unloading class 0x0000020110006000 'java/lang/invoke/LambdaForm$MH+0x0000020110006000'
Event: 5697.097 Thread 0x00000201751deae0 Unloading class 0x0000020110005c00 'java/lang/invoke/LambdaForm$BMH+0x0000020110005c00'
Event: 5697.097 Thread 0x00000201751deae0 Unloading class 0x0000020110004800 'java/lang/invoke/LambdaForm$DMH+0x0000020110004800'
Event: 5697.097 Thread 0x00000201751deae0 Unloading class 0x0000020110002400 'java/lang/invoke/LambdaForm$MH+0x0000020110002400'
Event: 5697.097 Thread 0x00000201751deae0 Unloading class 0x0000020110002000 'java/lang/invoke/LambdaForm$MH+0x0000020110002000'
Event: 5697.097 Thread 0x00000201751deae0 Unloading class 0x0000020110001800 'java/lang/invoke/LambdaForm$MH+0x0000020110001800'
Event: 5697.097 Thread 0x00000201751deae0 Unloading class 0x0000020110000400 'java/lang/invoke/LambdaForm$MH+0x0000020110000400'

Classes redefined (0 events):
No events

Internal exceptions (20 events):
Event: 5633.296 Thread 0x00000201546330e0 Exception <a 'sun/nio/fs/WindowsException'{0x00000000d55be3e0}> (0x00000000d55be3e0) 
thrown [s\src\hotspot\share\prims\jni.cpp, line 520]
Event: 5633.392 Thread 0x00000201546330e0 Exception <a 'sun/nio/fs/WindowsException'{0x00000000d5794c18}> (0x00000000d5794c18) 
thrown [s\src\hotspot\share\prims\jni.cpp, line 520]
Event: 5635.204 Thread 0x00000201546330e0 Exception <a 'sun/nio/fs/WindowsException'{0x00000000d55805b0}> (0x00000000d55805b0) 
thrown [s\src\hotspot\share\prims\jni.cpp, line 520]
Event: 5635.310 Thread 0x00000201546330e0 Exception <a 'sun/nio/fs/WindowsException'{0x00000000d568e210}> (0x00000000d568e210) 
thrown [s\src\hotspot\share\prims\jni.cpp, line 520]
Event: 5639.681 Thread 0x00000201546330e0 Exception <a 'sun/nio/fs/WindowsException'{0x00000000d5684a48}> (0x00000000d5684a48) 
thrown [s\src\hotspot\share\prims\jni.cpp, line 520]
Event: 5639.961 Thread 0x00000201546330e0 Exception <a 'sun/nio/fs/WindowsException'{0x00000000d55b1958}> (0x00000000d55b1958) 
thrown [s\src\hotspot\share\prims\jni.cpp, line 520]
Event: 5646.352 Thread 0x00000201546330e0 Exception <a 'sun/nio/fs/WindowsException'{0x00000000d5609418}> (0x00000000d5609418) 
thrown [s\src\hotspot\share\prims\jni.cpp, line 520]
Event: 5646.489 Thread 0x00000201546330e0 Exception <a 'sun/nio/fs/WindowsException'{0x00000000d55be940}> (0x00000000d55be940) 
thrown [s\src\hotspot\share\prims\jni.cpp, line 520]
Event: 5677.542 Thread 0x00000201546330e0 Exception <a 'sun/nio/fs/WindowsException'{0x00000000d5797af8}> (0x00000000d5797af8) 
thrown [s\src\hotspot\share\prims\jni.cpp, line 520]
Event: 5677.652 Thread 0x00000201546330e0 Exception <a 'sun/nio/fs/WindowsException'{0x00000000d55e2f50}> (0x00000000d55e2f50) 
thrown [s\src\hotspot\share\prims\jni.cpp, line 520]
Event: 5682.761 Thread 0x00000201546330e0 Exception <a 'sun/nio/fs/WindowsException'{0x00000000d558a9e8}> (0x00000000d558a9e8) 
thrown [s\src\hotspot\share\prims\jni.cpp, line 520]
Event: 5682.869 Thread 0x00000201546330e0 Exception <a 'sun/nio/fs/WindowsException'{0x00000000d57cfa58}> (0x00000000d57cfa58) 
thrown [s\src\hotspot\share\prims\jni.cpp, line 520]
Event: 5689.994 Thread 0x00000201546330e0 Exception <a 'sun/nio/fs/WindowsException'{0x00000000d582d958}> (0x00000000d582d958) 
thrown [s\src\hotspot\share\prims\jni.cpp, line 520]
Event: 5690.104 Thread 0x00000201546330e0 Exception <a 'sun/nio/fs/WindowsException'{0x00000000d558c360}> (0x00000000d558c360) 
thrown [s\src\hotspot\share\prims\jni.cpp, line 520]
Event: 5691.774 Thread 0x00000201546330e0 Exception <a 'sun/nio/fs/WindowsException'{0x00000000d5747b18}> (0x00000000d5747b18) 
thrown [s\src\hotspot\share\prims\jni.cpp, line 520]
Event: 5691.857 Thread 0x00000201546330e0 Exception <a 'sun/nio/fs/WindowsException'{0x00000000d597cf20}> (0x00000000d597cf20) 
thrown [s\src\hotspot\share\prims\jni.cpp, line 520]
Event: 5694.103 Thread 0x00000201546330e0 Exception <a 'sun/nio/fs/WindowsException'{0x00000000d574e578}> (0x00000000d574e578) 
thrown [s\src\hotspot\share\prims\jni.cpp, line 520]
Event: 5694.256 Thread 0x00000201546330e0 Exception <a 'sun/nio/fs/WindowsException'{0x00000000d563c220}> (0x00000000d563c220) 
thrown [s\src\hotspot\share\prims\jni.cpp, line 520]
Event: 5696.426 Thread 0x00000201546330e0 Exception <a 'sun/nio/fs/WindowsException'{0x00000000d56cc6a0}> (0x00000000d56cc6a0) 
thrown [s\src\hotspot\share\prims\jni.cpp, line 520]
Event: 5696.666 Thread 0x00000201546330e0 Exception <a 'sun/nio/fs/WindowsException'{0x00000000d56597d0}> (0x00000000d56597d0) 
thrown [s\src\hotspot\share\prims\jni.cpp, line 520]

ZGC Phase Switch (0 events):
No events

VM Operations (20 events):
Event: 5696.507 Executing VM operation: ParallelGCFailedAllocation (Allocation Failure) done
Event: 5696.513 Executing VM operation: ParallelGCFailedAllocation (Allocation Failure)
Event: 5696.520 Executing VM operation: ParallelGCFailedAllocation (Allocation Failure) done
Event: 5696.528 Executing VM operation: ParallelGCFailedAllocation (Allocation Failure)
Event: 5696.533 Executing VM operation: ParallelGCFailedAllocation (Allocation Failure) done
Event: 5696.594 Executing VM operation: ParallelGCFailedAllocation (Allocation Failure)
Event: 5696.600 Executing VM operation: ParallelGCFailedAllocation (Allocation Failure) done
Event: 5696.605 Executing VM operation: ParallelGCFailedAllocation (Allocation Failure)
Event: 5696.611 Executing VM operation: ParallelGCFailedAllocation (Allocation Failure) done
Event: 5696.621 Executing VM operation: ParallelGCFailedAllocation (Allocation Failure)
Event: 5696.630 Executing VM operation: ParallelGCFailedAllocation (Allocation Failure) done
Event: 5696.836 Executing VM operation: ParallelGCFailedAllocation (Allocation Failure)
Event: 5697.927 Executing VM operation: ParallelGCFailedAllocation (Allocation Failure) done
Event: 5697.936 Executing VM operation: ParallelGCFailedAllocation (Allocation Failure)
Event: 5697.938 Executing VM operation: ParallelGCFailedAllocation (Allocation Failure) done
Event: 5697.970 Executing VM operation: ParallelGCFailedAllocation (Allocation Failure)
Event: 5697.972 Executing VM operation: ParallelGCFailedAllocation (Allocation Failure) done
Event: 5697.983 Executing VM operation: ParallelGCFailedAllocation (Allocation Failure)
Event: 5697.989 Executing VM operation: ParallelGCFailedAllocation (Allocation Failure) done
Event: 5698.004 Executing VM operation: ParallelGCFailedAllocation (Allocation Failure)

Memory protections (0 events):
No events

Nmethod flushes (20 events):
Event: 5697.536 Thread 0x00000201751deae0 flushing  nmethod 0x0000020102cdda10
Event: 5697.536 Thread 0x00000201751deae0 flushing  nmethod 0x0000020102cf2010
Event: 5697.536 Thread 0x00000201751deae0 flushing  nmethod 0x0000020102d1fe90
Event: 5697.536 Thread 0x00000201751deae0 flushing  nmethod 0x0000020102d25110
Event: 5697.536 Thread 0x00000201751deae0 flushing  nmethod 0x0000020102d31090
Event: 5697.536 Thread 0x00000201751deae0 flushing  nmethod 0x0000020102d35510
Event: 5697.536 Thread 0x00000201751deae0 flushing  nmethod 0x0000020102d4ee90
Event: 5697.536 Thread 0x00000201751deae0 flushing  nmethod 0x0000020102d7ed10
Event: 5697.536 Thread 0x00000201751deae0 flushing  nmethod 0x0000020102d91d90
Event: 5697.536 Thread 0x00000201751deae0 flushing  nmethod 0x0000020102d9bf10
Event: 5697.536 Thread 0x00000201751deae0 flushing  nmethod 0x0000020102da4590
Event: 5697.536 Thread 0x00000201751deae0 flushing  nmethod 0x0000020102dde090
Event: 5697.536 Thread 0x00000201751deae0 flushing  nmethod 0x0000020102dfa310
Event: 5697.536 Thread 0x00000201751deae0 flushing  nmethod 0x0000020102e17c90
Event: 5697.536 Thread 0x00000201751deae0 flushing  nmethod 0x0000020102e35c10
Event: 5697.536 Thread 0x00000201751deae0 flushing  nmethod 0x0000020102e3c510
Event: 5697.536 Thread 0x00000201751deae0 flushing  nmethod 0x0000020102e3eb10
Event: 5697.536 Thread 0x00000201751deae0 flushing  nmethod 0x0000020102e84c90
Event: 5697.536 Thread 0x00000201751deae0 flushing  nmethod 0x0000020102f0e110
Event: 5697.536 Thread 0x00000201751deae0 flushing  nmethod 0x0000020102f41110

Events (20 events):
Event: 5338.492 Thread 0x0000020155162a90 Thread added: 0x0000020155160330
Event: 5338.492 Thread 0x0000020155162a90 Thread exited: 0x0000020155162a90
Event: 5338.492 Thread 0x000002015515fca0 Thread exited: 0x000002015515fca0
Event: 5338.492 Thread 0x0000020155160330 Thread exited: 0x0000020155160330
Event: 5338.531 Thread 0x000002015712cba0 Thread exited: 0x000002015712cba0
Event: 5340.450 Thread 0x000002015712be80 Thread exited: 0x000002015712be80
Event: 5366.688 Thread 0x00000201556e3840 Thread added: 0x0000020155162a90
Event: 5372.249 Thread 0x0000020155162a90 Thread added: 0x000002015515dbd0
Event: 5372.250 Thread 0x0000020155162a90 Thread added: 0x000002015515fca0
Event: 5432.338 Thread 0x0000020155162a90 Thread exited: 0x0000020155162a90
Event: 5492.351 Thread 0x000002015515dbd0 Thread exited: 0x000002015515dbd0
Event: 5552.360 Thread 0x000002015515fca0 Thread exited: 0x000002015515fca0
Event: 5557.201 Thread 0x00000201556e3840 Thread added: 0x000002015515dbd0
Event: 5571.104 Thread 0x000002015515dbd0 Thread added: 0x000002015515fca0
Event: 5571.335 Thread 0x000002015515dbd0 Thread added: 0x0000020155160330
Event: 5573.672 Thread 0x0000020157128a00 Thread added: 0x00000201551609c0
Event: 5573.675 Thread 0x0000020157128a00 Thread added: 0x00000201551616e0
Event: 5573.677 Thread 0x0000020157128a00 Thread added: 0x0000020155162400
Event: 5579.684 Thread 0x0000020157128a00 Thread added: 0x0000020155162a90
Event: 5579.722 Thread 0x00000201551609c0 Thread added: 0x0000020155163120


Dynamic libraries:
0x00007ff7dc150000 - 0x00007ff7dc15e000 	c:\Users\dell\.vscode\extensions\redhat.java-1.45.0-win32-x64\jre\21.0.8-win32-x86_64\bin\java.exe
0x00007fff71bd0000 - 0x00007fff71dc8000 	C:\WINDOWS\SYSTEM32\ntdll.dll
0x00007fff6fc80000 - 0x00007fff6fd42000 	C:\WINDOWS\System32\KERNEL32.DLL
0x00007fff6f430000 - 0x00007fff6f726000 	C:\WINDOWS\System32\KERNELBASE.dll
0x00007fff6f960000 - 0x00007fff6fa60000 	C:\WINDOWS\System32\ucrtbase.dll
0x00007fff68750000 - 0x00007fff68768000 	c:\Users\dell\.vscode\extensions\redhat.java-1.45.0-win32-x64\jre\21.0.8-win32-x86_64\bin\jli.dll
0x00007fff71740000 - 0x00007fff718dd000 	C:\WINDOWS\System32\USER32.dll
0x00007fff6fa60000 - 0x00007fff6fa82000 	C:\WINDOWS\System32\win32u.dll
0x00007fff71b60000 - 0x00007fff71b8b000 	C:\WINDOWS\System32\GDI32.dll
0x00007fff6f760000 - 0x00007fff6f87a000 	C:\WINDOWS\System32\gdi32full.dll
0x00007fff6fb40000 - 0x00007fff6fbdd000 	C:\WINDOWS\System32\msvcp_win.dll
0x00007fff64aa0000 - 0x00007fff64abe000 	c:\Users\dell\.vscode\extensions\redhat.java-1.45.0-win32-x64\jre\21.0.8-win32-x86_64\bin\VCRUNTIME140.dll
0x00007fff5ec30000 - 0x00007fff5eeca000 	C:\WINDOWS\WinSxS\amd64_microsoft.windows.common-controls_6595b64144ccf1df_6.0.19041.4355_none_60b8b9eb71f62e16\COMCTL32.dll
0x00007fff6fbe0000 - 0x00007fff6fc7e000 	C:\WINDOWS\System32\msvcrt.dll
0x00007fff6fd50000 - 0x00007fff6fd7f000 	C:\WINDOWS\System32\IMM32.DLL
0x00007fff6c5c0000 - 0x00007fff6c5cc000 	c:\Users\dell\.vscode\extensions\redhat.java-1.45.0-win32-x64\jre\21.0.8-win32-x86_64\bin\vcruntime140_1.dll
0x00007fff4f7a0000 - 0x00007fff4f82d000 	c:\Users\dell\.vscode\extensions\redhat.java-1.45.0-win32-x64\jre\21.0.8-win32-x86_64\bin\msvcp140.dll
0x00007fff2a970000 - 0x00007fff2b707000 	c:\Users\dell\.vscode\extensions\redhat.java-1.45.0-win32-x64\jre\21.0.8-win32-x86_64\bin\server\jvm.dll
0x00007fff6ff40000 - 0x00007fff6fff1000 	C:\WINDOWS\System32\ADVAPI32.dll
0x00007fff714c0000 - 0x00007fff7155f000 	C:\WINDOWS\System32\sechost.dll
0x00007fff701b0000 - 0x00007fff702d3000 	C:\WINDOWS\System32\RPCRT4.dll
0x00007fff6f730000 - 0x00007fff6f757000 	C:\WINDOWS\System32\bcrypt.dll
0x00007fff71610000 - 0x00007fff7167b000 	C:\WINDOWS\System32\WS2_32.dll
0x00007fff6f0b0000 - 0x00007fff6f0fb000 	C:\WINDOWS\SYSTEM32\POWRPROF.dll
0x00007fff5e3b0000 - 0x00007fff5e3d7000 	C:\WINDOWS\SYSTEM32\WINMM.dll
0x00007fff6bbb0000 - 0x00007fff6bbba000 	C:\WINDOWS\SYSTEM32\VERSION.dll
0x00007fff6f090000 - 0x00007fff6f0a2000 	C:\WINDOWS\SYSTEM32\UMPDC.dll
0x00007fff6c2c0000 - 0x00007fff6c2d2000 	C:\WINDOWS\SYSTEM32\kernel.appcore.dll
0x00007fff69f10000 - 0x00007fff69f1a000 	c:\Users\dell\.vscode\extensions\redhat.java-1.45.0-win32-x64\jre\21.0.8-win32-x86_64\bin\jimage.dll
0x00007fff6eb50000 - 0x00007fff6ed34000 	C:\WINDOWS\SYSTEM32\DBGHELP.DLL
0x00007fff6e960000 - 0x00007fff6e994000 	C:\WINDOWS\SYSTEM32\dbgcore.DLL
0x00007fff6f8d0000 - 0x00007fff6f952000 	C:\WINDOWS\System32\bcryptPrimitives.dll
0x00007fff672d0000 - 0x00007fff672df000 	c:\Users\dell\.vscode\extensions\redhat.java-1.45.0-win32-x64\jre\21.0.8-win32-x86_64\bin\instrument.dll
0x00007fff5e6f0000 - 0x00007fff5e70f000 	c:\Users\dell\.vscode\extensions\redhat.java-1.45.0-win32-x64\jre\21.0.8-win32-x86_64\bin\java.dll
0x00007fff707f0000 - 0x00007fff70f5f000 	C:\WINDOWS\System32\SHELL32.dll
0x00007fff6cc50000 - 0x00007fff6d3f3000 	C:\WINDOWS\SYSTEM32\windows.storage.dll
0x00007fff70400000 - 0x00007fff70755000 	C:\WINDOWS\System32\combase.dll
0x00007fff6e510000 - 0x00007fff6e53b000 	C:\WINDOWS\SYSTEM32\Wldp.dll
0x00007fff713e0000 - 0x00007fff714ad000 	C:\WINDOWS\System32\OLEAUT32.dll
0x00007fff71560000 - 0x00007fff7160d000 	C:\WINDOWS\System32\SHCORE.dll
0x00007fff716e0000 - 0x00007fff71735000 	C:\WINDOWS\System32\shlwapi.dll
0x00007fff6f180000 - 0x00007fff6f1a5000 	C:\WINDOWS\SYSTEM32\profapi.dll
0x00007fff5dfd0000 - 0x00007fff5dfe8000 	c:\Users\dell\.vscode\extensions\redhat.java-1.45.0-win32-x64\jre\21.0.8-win32-x86_64\bin\zip.dll
0x00007fff666e0000 - 0x00007fff666f0000 	C:\Users\dell\.vscode\extensions\redhat.java-1.45.0-win32-x64\jre\21.0.8-win32-x86_64\bin\net.dll
0x00007fff669b0000 - 0x00007fff66aba000 	C:\WINDOWS\SYSTEM32\WINHTTP.dll
0x00007fff6e1f0000 - 0x00007fff6e25c000 	C:\WINDOWS\system32\mswsock.dll
0x00007fff5ab50000 - 0x00007fff5ab66000 	C:\Users\dell\.vscode\extensions\redhat.java-1.45.0-win32-x64\jre\21.0.8-win32-x86_64\bin\nio.dll
0x00007fff65e90000 - 0x00007fff65ea0000 	c:\Users\dell\.vscode\extensions\redhat.java-1.45.0-win32-x64\jre\21.0.8-win32-x86_64\bin\verify.dll
0x00007fff4f710000 - 0x00007fff4f754000 	C:\Users\dell\AppData\Roaming\Code\User\globalStorage\redhat.java\1.45.0\config_win\org.eclipse.equinox.launcher\org.eclipse.equinox.launcher.win32.win32.x86_64_1.2.1400.v20250801-0854\eclipse_11916.dll
0x00007fff6fe10000 - 0x00007fff6ff3b000 	C:\WINDOWS\System32\ole32.dll
0x00007fff6eef0000 - 0x00007fff6ef08000 	C:\WINDOWS\SYSTEM32\CRYPTSP.dll
0x00007fff6dbf0000 - 0x00007fff6dc28000 	C:\WINDOWS\system32\rsaenh.dll
0x00007fff6f100000 - 0x00007fff6f12e000 	C:\WINDOWS\SYSTEM32\USERENV.dll
0x00007fff6e420000 - 0x00007fff6e42c000 	C:\WINDOWS\SYSTEM32\CRYPTBASE.dll
0x00007fff6e3d0000 - 0x00007fff6e40b000 	C:\WINDOWS\SYSTEM32\IPHLPAPI.DLL
0x00007fff714b0000 - 0x00007fff714b8000 	C:\WINDOWS\System32\NSI.dll
0x00007fff4dd20000 - 0x00007fff4dd69000 	C:\Users\dell\AppData\Local\Temp\jna-3079617\jna8759278932767744106.dll
0x00007fff70390000 - 0x00007fff70398000 	C:\WINDOWS\System32\PSAPI.DLL
0x00007fff66ff0000 - 0x00007fff67007000 	C:\WINDOWS\SYSTEM32\dhcpcsvc6.DLL
0x00007fff67ba0000 - 0x00007fff67bbd000 	C:\WINDOWS\SYSTEM32\dhcpcsvc.DLL
0x00007fff6e840000 - 0x00007fff6e84e000 	C:\Users\dell\.vscode\extensions\redhat.java-1.45.0-win32-x64\jre\21.0.8-win32-x86_64\bin\sunmscapi.dll
0x00007fff6f250000 - 0x00007fff6f3ac000 	C:\WINDOWS\System32\CRYPT32.dll
0x00007fff6e580000 - 0x00007fff6e5a7000 	C:\WINDOWS\SYSTEM32\ncrypt.dll
0x00007fff6e540000 - 0x00007fff6e57b000 	C:\WINDOWS\SYSTEM32\NTASN1.dll
0x00007fff6df50000 - 0x00007fff6e01a000 	C:\WINDOWS\SYSTEM32\DNSAPI.dll
0x00007fff645a0000 - 0x00007fff645aa000 	C:\Windows\System32\rasadhlp.dll
0x00007fff642b0000 - 0x00007fff64330000 	C:\WINDOWS\System32\fwpuclnt.dll
0x00007fff6e830000 - 0x00007fff6e839000 	C:\Users\dell\.vscode\extensions\redhat.java-1.45.0-win32-x64\jre\21.0.8-win32-x86_64\bin\extnet.dll

JVMTI agents:
c:\Users\dell\.vscode\extensions\redhat.java-1.45.0-win32-x64\lombok\lombok-1.18.39-4050.jar path:c:\Users\dell\.vscode\extensions\redhat.java-1.45.0-win32-x64\jre\21.0.8-win32-x86_64\bin\instrument.dll, loaded, initialized, instrumentlib options:none

dbghelp: loaded successfully - version: 4.0.5 - missing functions: none
symbol engine: initialized successfully - sym options: 0x614 - pdb path: .;c:\Users\dell\.vscode\extensions\redhat.java-1.45.0-win32-x64\jre\21.0.8-win32-x86_64\bin;C:\WINDOWS\SYSTEM32;C:\WINDOWS\WinSxS\amd64_microsoft.windows.common-controls_6595b64144ccf1df_6.0.19041.4355_none_60b8b9eb71f62e16;c:\Users\dell\.vscode\extensions\redhat.java-1.45.0-win32-x64\jre\21.0.8-win32-x86_64\bin\server;C:\Users\dell\AppData\Roaming\Code\User\globalStorage\redhat.java\1.45.0\config_win\org.eclipse.equinox.launcher\org.eclipse.equinox.launcher.win32.win32.x86_64_1.2.1400.v20250801-0854;C:\Users\dell\AppData\Local\Temp\jna-3079617

VM Arguments:
jvm_args: --add-modules=ALL-SYSTEM --add-opens=java.base/java.util=ALL-UNNAMED --add-opens=java.base/java.lang=ALL-UNNAMED --add-opens=java.base/sun.nio.fs=ALL-UNNAMED -Declipse.application=org.eclipse.jdt.ls.core.id1 -Dosgi.bundles.defaultStartLevel=4 -Declipse.product=org.eclipse.jdt.ls.core.product -Djava.import.generatesMetadataFilesAtProjectRoot=false -DDetectVMInstallationsJob.disabled=true -Dfile.encoding=utf8 -XX:+UseParallelGC -XX:GCTimeRatio=4 -XX:AdaptiveSizePolicyWeight=90 -Dsun.zip.disableMemoryMapping=true -Xmx2G -Xms100m -Xlog:disable -javaagent:c:\Users\dell\.vscode\extensions\redhat.java-1.45.0-win32-x64\lombok\lombok-1.18.39-4050.jar -XX:+HeapDumpOnOutOfMemoryError -XX:HeapDumpPath=c:\Users\dell\AppData\Roaming\Code\User\workspaceStorage\62d2b90264eaf79a1763fc22b68e567a\redhat.java -Daether.dependencyCollector.impl=bf 
java_command: c:\Users\dell\.vscode\extensions\redhat.java-1.45.0-win32-x64\server\plugins\org.eclipse.equinox.launcher_1.7.0.v20250519-0528.jar -configuration c:\Users\dell\AppData\Roaming\Code\User\globalStorage\redhat.java\1.45.0\config_win -data c:\Users\dell\AppData\Roaming\Code\User\workspaceStorage\62d2b90264eaf79a1763fc22b68e567a\redhat.java\jdt_ws --pipe=\\.\pipe\lsp-e3d3ce6fcdc2e9eef753e977f46e993c-sock
java_class_path (initial): c:\Users\dell\.vscode\extensions\redhat.java-1.45.0-win32-x64\server\plugins\org.eclipse.equinox.launcher_1.7.0.v20250519-0528.jar
Launcher Type: SUN_STANDARD

[Global flags]
    uintx AdaptiveSizePolicyWeight                 = 90                                        {product} {command line}
     intx CICompilerCount                          = 3                                         {product} {ergonomic}
    uintx GCTimeRatio                              = 4                                         {product} {command line}
     bool HeapDumpOnOutOfMemoryError               = true                                   {manageable} {command line}
    ccstr HeapDumpPath                             = c:\Users\dell\AppData\Roaming\Code\User\workspaceStorage\62d2b90264eaf79a1763fc22b68e567a\redhat.java         {manageable} {command line}
   size_t InitialHeapSize                          = 104857600                                 {product} {command line}
   size_t MaxHeapSize                              = 2147483648                                {product} {command line}
   size_t MaxNewSize                               = 715653120                                 {product} {ergonomic}
   size_t MinHeapDeltaBytes                        = 524288                                    {product} {ergonomic}
   size_t MinHeapSize                              = 104857600                                 {product} {command line}
   size_t NewSize                                  = 34603008                                  {product} {ergonomic}
    uintx NonNMethodCodeHeapSize                   = 5832780                                {pd product} {ergonomic}
    uintx NonProfiledCodeHeapSize                  = 122912730                              {pd product} {ergonomic}
   size_t OldSize                                  = 70254592                                  {product} {ergonomic}
    uintx ProfiledCodeHeapSize                     = 122912730                              {pd product} {ergonomic}
    uintx ReservedCodeCacheSize                    = 251658240                              {pd product} {ergonomic}
     bool SegmentedCodeCache                       = true                                      {product} {ergonomic}
   size_t SoftMaxHeapSize                          = 2147483648                             {manageable} {ergonomic}
     bool UseCompressedOops                        = true                           {product lp64_product} {ergonomic}
     bool UseLargePagesIndividualAllocation        = false                                  {pd product} {ergonomic}
     bool UseParallelGC                            = true                                      {product} {command line}

Logging:
Log output configuration:
 #0: stdout all=off uptime,level,tags foldmultilines=false
 #1: stderr all=off uptime,level,tags foldmultilines=false

Environment Variables:
JAVA_HOME=C:\Program Files\Java\jdk-24
PATH=C:\Program Files\Java\jdk-24\bin;C:\WINDOWS\system32;C:\WINDOWS;C:\WINDOWS\System32\Wbem;C:\WINDOWS\System32\WindowsPowerShell\v1.0\;C:\WINDOWS\System32\OpenSSH\;C:\MinGW\bin;C:\Program Files\Git\cmd;C:\Program Files\Git\mingw64\bin;C:\Program Files\Git\usr\bin;C:\Program Files\nodejs\;C:\ProgramData\chocolatey\bin;C:\Program Files\MySQL\MySQL Server 8.0\bin;C:\Users\dell\AppData\Local\Programs\mongosh\;C:\Program Files\MySQL\MySQL Shell 8.0\bin\;C:\Users\dell\AppData\Local\Microsoft\WindowsApps;C:\Program Files\JetBrains\IntelliJ IDEA Community Edition 2024.1.1\bin;;C:\Users\dell\AppData\Local\Programs\Microsoft VS Code\bin;C:\Users\dell\AppData\Roaming\npm;C:\Program Files\MySQL\MySQL Server 8.0\bin;C:\Users\dell\AppData\Local\Programs\mongosh\
USERNAME=dell
OS=Windows_NT
PROCESSOR_IDENTIFIER=Intel64 Family 6 Model 61 Stepping 4, GenuineIntel
TMP=C:\Users\dell\AppData\Local\Temp
TEMP=C:\Users\dell\AppData\Local\Temp




Periodic native trim disabled

---------------  S Y S T E M  ---------------

OS:
 Windows 10 , 64 bit Build 19041 (10.0.19041.5678)
OS uptime: 1 days 15:32 hours

CPU: total 4 (initial active 4) (2 cores per cpu, 2 threads per core) family 6 model 61 stepping 4 microcode 0x2d, cx8, cmov, fxsr, ht, mmx, 3dnowpref, sse, sse2, sse3, ssse3, sse4.1, sse4.2, popcnt, lzcnt, tsc, tscinvbit, avx, avx2, aes, erms, clmul, bmi1, bmi2, adx, fma, vzeroupper, clflush, rdtscp, f16c
Processor Information for the first 4 processors :
  Max Mhz: 2201, Current Mhz: 2201, Mhz Limit: 2201

Memory: 4k page, system-wide physical 4001M (1164M free)
TotalPageFile size 9377M (AvailPageFile size 3502M)
current process WorkingSet (physical memory assigned to process): 362M, peak: 1047M
current process commit charge ("private bytes"): 447M, peak: 1718M

vm_info: OpenJDK 64-Bit Server VM (21.0.8+9-LTS) for windows-amd64 JRE (21.0.8+9-LTS), built on 2025-07-15T00:00:00Z by "admin" with MS VC++ 17.7 (VS2022)

END.
